********************************************************************************
DUPLICATOR-LITE PACKAGE-LOG: 29 de December de 2022 21:54
NOTICE: Do NOT post to public sites or forums 
********************************************************************************
VERSION:	1.5.1
WORDPRESS:	6.1.1
PHP INFO:	7.4.27 | SAPI: apache2handler
SERVER:		Apache/2.4.52 (Unix) OpenSSL/1.1.1m PHP/7.4.27 mod_perl/2.0.11 Perl/v5.32.1 
PHP TIME LIMIT: (0) no time limit imposed 
PHP MAX MEMORY: 4294967296 (512M default) 
MEMORY STACK: 26.5MB

********************************************************************************
DATABASE:
********************************************************************************
BUILD MODE:   PHP(query limit - 100)
MYSQLTIMEOUT: 5000
MYSQLDUMP:    Not Supported
TABLES: total:13 | filtered:0 | create:13
FILTERED: []
SQL CREATED: 20221229_conwertgestaoempresarial_0c01c4aadc935b739855_20221229215429_database.sql
SQL FILE SIZE: 1.61MB (1687162)
SQL FILE TIME: 2022-12-29 21:54:51
SQL RUNTIME: 0.18 sec.

********************************************************************************
ARCHIVE (ZIP):
********************************************************************************
ARCHIVE DIR:  /Applications/XAMPP/xamppfiles/htdocs/clients/conwert
ARCHIVE FILE: 20221229_conwertgestaoempresarial_0c01c4aadc935b739855_20221229215429_archive.zip
FILTERS: *OFF*
DIRS:
	not set
FILES:
	not set
EXTS:  not set
----------------------------------------
COMPRESSING
SIZE:	152.29MB
STATS:	Dirs 1,229 | Files 14,884
SQL ADDED: 20221229_conwertgestaoempresarial_0c01c4aadc935b739855_20221229215429_database.sql
ZipArchive Object
(
    [status] => 0
    [statusSys] => 0
    [numFiles] => 16113
    [filename] => /Applications/XAMPP/xamppfiles/htdocs/clients/conwert/wp-content/backups-dup-lite/tmp/20221229_conwertgestaoempresarial_0c01c4aadc935b739855_20221229215429_archive.zip
    [comment] => 
)

FILE ADDED TO ZIP: 16112
COMPRESSION RESULT: '1'
COMPRESSED SIZE: 89.76MB
ARCHIVE RUNTIME: 20.69 sec.
MEMORY STACK: 30.68MB
building installer
ARCHIVE CONSISTENCY TEST: PASS

********************************************************************************
INTEGRITY CHECKS:
********************************************************************************
SQL FILE: 1.61MB
INSTALLER FILE: 73.36KB
ARCHIVE FILE: 91.96MB 
EXPECTED FILE/DIRECTORY COUNT: 16,113
ACTUAL FILE/DIRECTORY COUNT: 16,112
ARCHIVE CONSISTENCY TEST: Pass

********************************************************************************
RECORD ID:[1]
TOTAL PROCESS RUNTIME: 31.99 sec.
PEAK PHP MEMORY USED: 34.68MB
DONE PROCESSING => 20221229_conwertgestaoempresarial 29 de December de 2022 21:55

